*** Using Compiler 'V5.06 update 5 (build 528)', folder: 'C:\Keil_v5\ARM\ARMCC\Bin'
Build target 'STM32F103RCT6'
compiling tim.c...
compiling main.c...
compiling stm32f1xx_it.c...
../Core/Src/stm32f1xx_it.c(161): warning:  #111-D: statement is unreachable
    HAL_GPIO_EXTI_IRQHandler(W5500_INT_Pin);
../Core/Src/stm32f1xx_it.c: 1 warning, 0 errors
compiling cuankou.c...
compiling keydisp.c...
compiling eeprom.c...
compiling moni_i2c.c...
compiling public.c...
compiling tm1650.c...
compiling DS18B20.c...
..\USER\DS18B20.c(30): warning:  #69-D: integer conversion resulted in truncation
      k = 480 * 
; while (--k);
..\USER\DS18B20.c(73): warning:  #69-D: integer conversion resulted in truncation
          k = 60 * 
; while (--k);    // 等待 63us 完成时隙
..\USER\DS18B20.c(93): warning:  #69-D: integer conversion resulted in truncation
          k = 60 * 
; while (--k);     // 等待 63us
..\USER\DS18B20.c: 3 warnings, 0 errors
linking...
Program Size: Code=18462 RO-data=594 RW-data=56 ZI-data=2680  
FromELF: creating hex file...
"STM32F103RCT6\STM32F103RCT6.axf" - 0 Error(s), 4 Warning(s).
Build Time Elapsed:  00:00:39
