*** Using Compiler 'V5.06 update 5 (build 528)', folder: 'C:\Keil_v5\ARM\ARMCC\Bin'
Rebuild target 'STM32F103RCT6'
assembling startup_stm32f103xe.s...
compiling gpio.c...
compiling main.c...
../USER/public.h(257): warning:  #1-D: last line of file ends without a newline
  #endif /* __PUBLIC_H */
../Core/Src/main.c: 1 warning, 0 errors
compiling dac.c...
compiling dma.c...
compiling iwdg.c...
compiling tim.c...
../USER/public.h(257): warning:  #1-D: last line of file ends without a newline
  #endif /* __PUBLIC_H */
../Core/Src/tim.c: 1 warning, 0 errors
compiling stm32f1xx_it.c...
../USER/public.h(257): warning:  #1-D: last line of file ends without a newline
  #endif /* __PUBLIC_H */
../Core/Src/stm32f1xx_it.c(167): warning:  #111-D: statement is unreachable
    HAL_GPIO_EXTI_IRQHandler(W5500_INT_Pin);
../Core/Src/stm32f1xx_it.c: 2 warnings, 0 errors
compiling usart.c...
compiling stm32f1xx_hal_msp.c...
compiling stm32f1xx_hal_gpio_ex.c...
compiling stm32f1xx_hal_dac_ex.c...
compiling stm32f1xx_hal_dac.c...
compiling stm32f1xx_hal.c...
compiling stm32f1xx_hal_rcc.c...
compiling stm32f1xx_hal_rcc_ex.c...
compiling stm32f1xx_hal_gpio.c...
compiling stm32f1xx_hal_cortex.c...
compiling stm32f1xx_hal_dma.c...
compiling stm32f1xx_hal_pwr.c...
compiling stm32f1xx_hal_flash.c...
compiling stm32f1xx_hal_exti.c...
compiling stm32f1xx_hal_flash_ex.c...
compiling stm32f1xx_hal_iwdg.c...
compiling stm32f1xx_hal_tim.c...
compiling stm32f1xx_hal_tim_ex.c...
compiling stm32f1xx_hal_uart.c...
compiling system_stm32f1xx.c...
compiling cuankou.c...
..\USER\public.h(257): warning:  #1-D: last line of file ends without a newline
  #endif /* __PUBLIC_H */
..\USER\cuankou.c(535): warning:  #1-D: last line of file ends without a newline
  // }
..\USER\cuankou.c: 2 warnings, 0 errors
compiling eeprom.c...
..\USER\public.h(257): warning:  #1-D: last line of file ends without a newline
  #endif /* __PUBLIC_H */
..\USER\eeprom.c: 1 warning, 0 errors
compiling moni_i2c.c...
..\USER\public.h(257): warning:  #1-D: last line of file ends without a newline
  #endif /* __PUBLIC_H */
..\USER\moni_i2c.c: 1 warning, 0 errors
compiling keydisp.c...
..\USER\public.h(257): warning:  #1-D: last line of file ends without a newline
  #endif /* __PUBLIC_H */
..\USER\keydisp.c: 1 warning, 0 errors
compiling public.c...
..\USER\public.h(257): warning:  #1-D: last line of file ends without a newline
  #endif /* __PUBLIC_H */
..\USER\public.c(214): warning:  #9-D: nested comment is not allowed
  /**
..\USER\public.c(471): warning:  #9-D: nested comment is not allowed
  /*
..\USER\public.c: 3 warnings, 0 errors
compiling tm1650.c...
..\USER\public.h(257): warning:  #1-D: last line of file ends without a newline
  #endif /* __PUBLIC_H */
..\USER\tm1650.c: 1 warning, 0 errors
compiling DS18B20.c...
..\USER\public.h(257): warning:  #1-D: last line of file ends without a newline
  #endif /* __PUBLIC_H */
..\USER\DS18B20.c: 1 warning, 0 errors
linking...
Program Size: Code=27894 RO-data=1242 RW-data=48 ZI-data=2416  
FromELF: creating hex file...
"STM32F103RCT6\STM32F103RCT6.axf" - 0 Error(s), 14 Warning(s).
Build Time Elapsed:  00:01:31
